<?xml version="1.0" encoding="UTF-8"?>
<testng-results skipped="0" failed="0" total="1" passed="1">
  <reporter-output>
  </reporter-output>
  <suite name="Default suite" duration-ms="38373" started-at="2015-04-29T08:53:28Z" finished-at="2015-04-29T08:54:07Z">
    <groups>
    </groups>
    <test name="Default test" duration-ms="38373" started-at="2015-04-29T08:53:28Z" finished-at="2015-04-29T08:54:07Z">
      <class name="testng.test.AirIndia">
        <test-method status="PASS" signature="goTo()[pri:0, instance:testng.test.AirIndia@48bc9948]" name="goTo" is-config="true" duration-ms="26047" started-at="2015-04-29T14:23:28Z" finished-at="2015-04-29T14:23:54Z">
          <reporter-output>
          </reporter-output>
        </test-method> <!-- goTo -->
        <test-method status="PASS" signature="viewSchedules()[pri:0, instance:testng.test.AirIndia@48bc9948]" name="viewSchedules" duration-ms="12263" started-at="2015-04-29T14:23:54Z" finished-at="2015-04-29T14:24:07Z">
          <reporter-output>
          </reporter-output>
        </test-method> <!-- viewSchedules -->
        <test-method status="PASS" signature="closeApplication()[pri:0, instance:testng.test.AirIndia@48bc9948]" name="closeApplication" is-config="true" duration-ms="49" started-at="2015-04-29T14:24:07Z" finished-at="2015-04-29T14:24:07Z">
          <reporter-output>
          </reporter-output>
        </test-method> <!-- closeApplication -->
      </class> <!-- testng.test.AirIndia -->
    </test> <!-- Default test -->
  </suite> <!-- Default suite -->
</testng-results>
